{
  "RSpec": {
    "coverage": {
      "/Users/student/Documents/week-4/afternoon/paula/bookmarks/app.rb": {
        "lines": [
          1,
          null,
          1,
          null,
          1,
          1,
          null,
          null,
          1,
          1,
          null,
          null
        ]
      },
      "/Users/student/Documents/week-4/afternoon/paula/bookmarks/spec/features/bookmarks_list_spec.rb": {
        "lines": [
          1,
          1,
          1,
          1,
          1,
          1,
          null,
          null
        ]
      },
      "/Users/student/Documents/week-4/afternoon/paula/bookmarks/spec/features/testing_infrastructure_test_spec.rb": {
        "lines": [
          1,
          1,
          1,
          1,
          null,
          null
        ]
      },
      "/Users/student/Documents/week-4/afternoon/paula/bookmarks/spec/unit/bookmark_spec.rb": {
        "lines": [
          1,
          null,
          1,
          null,
          null
        ]
      },
      "/Users/student/Documents/week-4/afternoon/paula/bookmarks/lib/bookmark.rb": {
        "lines": [
          1,
          null
        ]
      }
    },
    "timestamp": 1588601768
  }
}
