{
  "RSpec": {
    "coverage": {
      "/Users/paulandariasperez/Desktop/MAKERS/cloned_repos/bookmarks/app.rb": {
        "lines": [
          1,
          null,
          1,
          null,
          1,
          1,
          null,
          null,
          null
        ]
      },
      "/Users/paulandariasperez/Desktop/MAKERS/cloned_repos/bookmarks/spec/features/testing_infrastructure_test_spec.rb": {
        "lines": [
          1,
          1,
          1,
          1,
          null,
          null
        ]
      }
    },
    "timestamp": 1588600762
  }
}
